satisfied algo = AIA
10.0	9.66
50.0	44.85
100.0	89.55
200.0	174.99
300.0	257.42
400.0	306.45
500.0	325.88
1000.0	367.86
satisfied algo = GUS
9.66
44.85
89.55
175.1
258.93
307.27
331.29
372.53
satisfied algo = SPH
9.66
44.85
89.55
170.26
227.48
262.1
291.02
351.45
satisfied algo = algo
9.66
44.85
89.55
175.1
257.35
305.76
325.33
368.49
thorughput algo = AIA
10.0	864.3676399999995
50.0	4006.780099999999
100.0	7906.7406999999985
200.0	14234.839000000027
300.0	16151.274000000003
400.0	13727.843599999997
500.0	11868.175899999998
1000.0	10421.658199999994
thorughput algo = GUS
861.1750400000002
3981.126599999995
7844.952800000006
13950.349999999991
15403.99500000001
12554.050800000012
10238.4999
9212.0527
thorughput algo = SPH
853.176040000001
3635.6792000000073
6536.727000000006
7633.161799999996
7170.613399999997
7678.388899999996
7541.840200000001
7926.169600000002
thorughput algo = algo
865.3881800000006
4020.678300000003
8005.585499999989
15339.27000000001
21426.109999999997
24160.745000000014
24962.985999999986
27355.502999999997
vnfs algo = AIA
10.0	14.32
50.0	66.79
100.0	135.03
200.0	263.33
300.0	384.95
400.0	464.26
500.0	494.89
1000.0	558.37
vnfs algo = GUS
14.32
66.79
135.03
263.55
386.97
463.99
501.32
563.61
vnfs algo = SPH
14.32
66.79
135.03
256.61
340.99
396.42
437.24
528.09
vnfs algo = algo
14.32
66.79
135.03
263.55
384.68
462.59
493.61
559.02
nodes algo = AIA
10.0	9.66
50.0	30.37
100.0	36.14
200.0	37.0
300.0	37.0
400.0	37.0
500.0	37.0
1000.0	37.0
nodes algo = GUS
9.66
29.96
36.12
37.0
37.0
37.0
37.0
37.0
nodes algo = SPH
8.66
20.95
27.22
31.26
35.15
36.56
36.89
37.0
nodes algo = algo
9.0
29.57
36.13
37.0
37.0
37.0
37.0
37.0
tat algo = AIA
10.0	0.966000000000002
50.0	0.8970000000000005
100.0	0.8954999999999993
200.0	0.87495
300.0	0.8580666999999998
400.0	0.766125
500.0	0.65176
1000.0	0.36785999999999985
tat algo = GUS
0.966000000000002
0.8970000000000005
0.8954999999999993
0.8755000000000003
0.8630999399999996
0.7681749999999999
0.66258
0.3725300000000001
tat algo = SPH
0.966000000000002
0.8970000000000005
0.8954999999999993
0.8513
0.7582666
0.6552499999999999
0.5820399999999999
0.3514500000000001
tat algo = algo
0.966000000000002
0.8970000000000005
0.8954999999999993
0.8755000000000003
0.8578332999999999
0.7644000000000004
0.6506600000000001
0.36849000000000004
time algo = AIA
10.0	1.97
50.0	12.61
100.0	21.17
200.0	46.41
300.0	79.66
400.0	103.48
500.0	118.57
1000.0	237.78
time algo = GUS
1.98
12.76
22.49
49.24
86.31
113.14
132.75
265.32
time algo = SPH
1.95
12.0
21.13
45.87
78.29
102.54
120.81
240.22
time algo = algo
1.98
12.9
21.81
48.39
85.71
111.54
129.32
255.69
